<?xml version="1.0" encoding="UTF-8"?>
<!-- Generated by org.testng.reporters.JUnitReportReporter -->
<testsuite hostname="DESKTOP-307I3GF" failures="0" tests="3" name="runner.TestRunner" time="0.549" errors="3" timestamp="2022-10-09T17:54:22 IST" skipped="0">
  <testcase classname="runner.TestRunner" name="runScenario" time="0.018">
    <error message="Cannot invoke &quot;org.openqa.selenium.WebDriver.get(String)&quot; because &quot;this.driver&quot; is null" type="java.lang.NullPointerException">
      <![CDATA[java.lang.NullPointerException: Cannot invoke "org.openqa.selenium.WebDriver.get(String)" because "this.driver" is null
at stepdefinitioncode.SeleniumAutomationCode.go_to_jquery_ui_website(SeleniumAutomationCode.java:30)
at ✽.Go to JqueryUi Website(file:///C:/Users/Mohammed%20Irfan/NewEclipse/AppiumSeleniumProject/src/test/java/featurefiles/SeleniumAutomation.feature:6)
]]>
    </error>
  </testcase> <!-- runScenario -->
  <system-out/>
  <testcase classname="runner.TestRunner" name="runScenario" time="0.509">
    <error message="Cannot invoke &quot;org.openqa.selenium.WebDriver.get(String)&quot; because &quot;this.driver&quot; is null" type="java.lang.NullPointerException">
      <![CDATA[java.lang.NullPointerException: Cannot invoke "org.openqa.selenium.WebDriver.get(String)" because "this.driver" is null
at stepdefinitioncode.SeleniumAutomationCode.go_to_jquery_ui_website(SeleniumAutomationCode.java:30)
at ✽.Go to JqueryUi Website(file:///C:/Users/Mohammed%20Irfan/NewEclipse/AppiumSeleniumProject/src/test/java/featurefiles/SeleniumAutomation.feature:6)
]]>
    </error>
  </testcase> <!-- runScenario -->
  <system-out/>
  <testcase classname="runner.TestRunner" name="runScenario" time="0.022">
    <error message="Cannot invoke &quot;org.openqa.selenium.WebDriver.get(String)&quot; because &quot;this.driver&quot; is null" type="java.lang.NullPointerException">
      <![CDATA[java.lang.NullPointerException: Cannot invoke "org.openqa.selenium.WebDriver.get(String)" because "this.driver" is null
at stepdefinitioncode.SeleniumAutomationCode.go_to_jquery_ui_website(SeleniumAutomationCode.java:30)
at ✽.Go to JqueryUi Website(file:///C:/Users/Mohammed%20Irfan/NewEclipse/AppiumSeleniumProject/src/test/java/featurefiles/SeleniumAutomation.feature:6)
]]>
    </error>
  </testcase> <!-- runScenario -->
  <system-out/>
</testsuite> <!-- runner.TestRunner -->
