<?xml version="1.0" encoding="UTF-8"?>
<testng-results ignored="0" total="3" passed="0" failed="3" skipped="0">
  <reporter-output>
  </reporter-output>
  <suite started-at="2022-10-09T17:54:19 IST" name="Default suite" finished-at="2022-10-09T17:54:22 IST" duration-ms="2700">
    <groups>
      <group name="cucumber">
        <method signature="AbstractTestNGCucumberTests.runScenario(io.cucumber.testng.PickleWrapper,io.cucumber.testng.FeatureWrapper)[pri:0, instance:runner.TestRunner@248e319b]" name="runScenario" class="io.cucumber.testng.AbstractTestNGCucumberTests"/>
      </group> <!-- cucumber -->
    </groups>
    <test started-at="2022-10-09T17:54:19 IST" name="Default test" finished-at="2022-10-09T17:54:22 IST" duration-ms="2700">
      <class name="runner.TestRunner">
        <test-method is-config="true" signature="setUpClass(org.testng.ITestContext)[pri:0, instance:runner.TestRunner@248e319b]" started-at="2022-10-09T17:54:19 IST" name="setUpClass" finished-at="2022-10-09T17:54:20 IST" duration-ms="1277" status="PASS">
          <params>
            <param index="0">
              <value>
                <![CDATA[org.testng.TestRunner@173f73e7]]>
              </value>
            </param>
          </params>
          <reporter-output>
          </reporter-output>
        </test-method> <!-- setUpClass -->
        <test-method signature="runScenario(io.cucumber.testng.PickleWrapper,io.cucumber.testng.FeatureWrapper)[pri:0, instance:runner.TestRunner@248e319b]" started-at="2022-10-09T17:54:20 IST" name="runScenario" description="Runs Cucumber Scenarios" data-provider="scenarios" finished-at="2022-10-09T17:54:21 IST" duration-ms="509" status="FAIL">
          <params>
            <param index="0">
              <value>
                <![CDATA["Selenium scenario 1"]]>
              </value>
            </param>
            <param index="1">
              <value>
                <![CDATA["Selenium Automation Scenarios"]]>
              </value>
            </param>
          </params>
          <exception class="java.lang.NullPointerException">
            <message>
              <![CDATA[Cannot invoke "org.openqa.selenium.WebDriver.get(String)" because "this.driver" is null]]>
            </message>
            <full-stacktrace>
              <![CDATA[java.lang.NullPointerException: Cannot invoke "org.openqa.selenium.WebDriver.get(String)" because "this.driver" is null
at stepdefinitioncode.SeleniumAutomationCode.go_to_jquery_ui_website(SeleniumAutomationCode.java:30)
at ✽.Go to JqueryUi Website(file:///C:/Users/Mohammed%20Irfan/NewEclipse/AppiumSeleniumProject/src/test/java/featurefiles/SeleniumAutomation.feature:6)
]]>
            </full-stacktrace>
          </exception> <!-- java.lang.NullPointerException -->
          <reporter-output>
          </reporter-output>
        </test-method> <!-- runScenario -->
        <test-method signature="runScenario(io.cucumber.testng.PickleWrapper,io.cucumber.testng.FeatureWrapper)[pri:0, instance:runner.TestRunner@248e319b]" started-at="2022-10-09T17:54:21 IST" name="runScenario" description="Runs Cucumber Scenarios" data-provider="scenarios" finished-at="2022-10-09T17:54:21 IST" duration-ms="22" status="FAIL">
          <params>
            <param index="0">
              <value>
                <![CDATA["Selenium scenario 2"]]>
              </value>
            </param>
            <param index="1">
              <value>
                <![CDATA["Selenium Automation Scenarios"]]>
              </value>
            </param>
          </params>
          <exception class="java.lang.NullPointerException">
            <message>
              <![CDATA[Cannot invoke "org.openqa.selenium.WebDriver.get(String)" because "this.driver" is null]]>
            </message>
            <full-stacktrace>
              <![CDATA[java.lang.NullPointerException: Cannot invoke "org.openqa.selenium.WebDriver.get(String)" because "this.driver" is null
at stepdefinitioncode.SeleniumAutomationCode.go_to_jquery_ui_website(SeleniumAutomationCode.java:30)
at ✽.Go to JqueryUi Website(file:///C:/Users/Mohammed%20Irfan/NewEclipse/AppiumSeleniumProject/src/test/java/featurefiles/SeleniumAutomation.feature:6)
]]>
            </full-stacktrace>
          </exception> <!-- java.lang.NullPointerException -->
          <reporter-output>
          </reporter-output>
        </test-method> <!-- runScenario -->
        <test-method signature="runScenario(io.cucumber.testng.PickleWrapper,io.cucumber.testng.FeatureWrapper)[pri:0, instance:runner.TestRunner@248e319b]" started-at="2022-10-09T17:54:21 IST" name="runScenario" description="Runs Cucumber Scenarios" data-provider="scenarios" finished-at="2022-10-09T17:54:21 IST" duration-ms="18" status="FAIL">
          <params>
            <param index="0">
              <value>
                <![CDATA["Selenium scenario 3"]]>
              </value>
            </param>
            <param index="1">
              <value>
                <![CDATA["Selenium Automation Scenarios"]]>
              </value>
            </param>
          </params>
          <exception class="java.lang.NullPointerException">
            <message>
              <![CDATA[Cannot invoke "org.openqa.selenium.WebDriver.get(String)" because "this.driver" is null]]>
            </message>
            <full-stacktrace>
              <![CDATA[java.lang.NullPointerException: Cannot invoke "org.openqa.selenium.WebDriver.get(String)" because "this.driver" is null
at stepdefinitioncode.SeleniumAutomationCode.go_to_jquery_ui_website(SeleniumAutomationCode.java:30)
at ✽.Go to JqueryUi Website(file:///C:/Users/Mohammed%20Irfan/NewEclipse/AppiumSeleniumProject/src/test/java/featurefiles/SeleniumAutomation.feature:6)
]]>
            </full-stacktrace>
          </exception> <!-- java.lang.NullPointerException -->
          <reporter-output>
          </reporter-output>
        </test-method> <!-- runScenario -->
        <test-method is-config="true" signature="tearDownClass()[pri:0, instance:runner.TestRunner@248e319b]" started-at="2022-10-09T17:54:21 IST" name="tearDownClass" finished-at="2022-10-09T17:54:22 IST" duration-ms="789" status="PASS">
          <reporter-output>
          </reporter-output>
        </test-method> <!-- tearDownClass -->
      </class> <!-- runner.TestRunner -->
    </test> <!-- Default test -->
  </suite> <!-- Default suite -->
</testng-results>
